<?xml version="1.0" encoding="UTF-8"?>
<testsuite xmlns:xsi="http://www.w3.org/2001/XMLSchema-instance" xsi:noNamespaceSchemaLocation="https://maven.apache.org/surefire/maven-surefire-plugin/xsd/surefire-test-report.xsd" name="com.nikki.junitapp.ejemplos.models.CuentaTest" time="3.091" tests="12" errors="0" skipped="1" failures="0">
  <properties>
[...]
</properties>
  <testcase name="testDineroInsuficienteExceptionCuenta" classname="com.nikki.junitapp.ejemplos.models.CuentaTest" time="0.481"/>
  <testcase name="testRelacionBancoCuentas" classname="com.nikki.junitapp.ejemplos.models.CuentaTest" time="0">
    <skipped message="void com.nikki.junitapp.ejemplos.models.CuentaTest.testRelacionBancoCuentas() is @Disabled"/>
  </testcase>
  <testcase name="testCreditoCuenta" classname="com.nikki.junitapp.ejemplos.models.CuentaTest$CuentaOperacionesTest" time="0.371"/>
  <testcase name="testDebitoCuenta{RepetitionInfo}[1]" classname="com.nikki.junitapp.ejemplos.models.CuentaTest$CuentaOperacionesTest" time="0.476"/>
  <testcase name="testDebitoCuenta{RepetitionInfo}[2]" classname="com.nikki.junitapp.ejemplos.models.CuentaTest$CuentaOperacionesTest" time="0.041"/>
  <testcase name="testDebitoCuenta{RepetitionInfo}[3]" classname="com.nikki.junitapp.ejemplos.models.CuentaTest$CuentaOperacionesTest" time="0.053"/>
  <testcase name="testDebitoCuenta{RepetitionInfo}[4]" classname="com.nikki.junitapp.ejemplos.models.CuentaTest$CuentaOperacionesTest" time="0.013"/>
  <testcase name="testDebitoCuenta{RepetitionInfo}[5]" classname="com.nikki.junitapp.ejemplos.models.CuentaTest$CuentaOperacionesTest" time="0.036"/>
  <testcase name="testTransferirDineroCuentas" classname="com.nikki.junitapp.ejemplos.models.CuentaTest$CuentaOperacionesTest" time="0.029"/>
  <testcase name="testSaldoCuenta" classname="com.nikki.junitapp.ejemplos.models.CuentaTest$CuentaTestNombreSaldo" time="0.033"/>
  <testcase name="testReferenciaCuenta" classname="com.nikki.junitapp.ejemplos.models.CuentaTest$CuentaTestNombreSaldo" time="0.014"/>
  <testcase name="testNombreCuenta" classname="com.nikki.junitapp.ejemplos.models.CuentaTest$CuentaTestNombreSaldo" time="0.025"/>
</testsuite>